* Starting client
* Connecting to master process on port 20912
* Analyzing classpath: 
  - D:\MutationTest_Java-master\target\test-classes
  - D:\MutationTest_Java-master\target\classes
  - C:\Users\Sean.Yu\.m2\repository\org\jacoco\jacoco-maven-plugin\0.8.5\jacoco-maven-plugin-0.8.5.jar
  - C:\Users\Sean.Yu\.m2\repository\org\apache\maven\maven-plugin-api\3.0\maven-plugin-api-3.0.jar
  - C:\Users\Sean.Yu\.m2\repository\org\apache\maven\maven-model\3.0\maven-model-3.0.jar
  - C:\Users\Sean.Yu\.m2\repository\org\apache\maven\maven-artifact\3.0\maven-artifact-3.0.jar
  - C:\Users\Sean.Yu\.m2\repository\org\sonatype\sisu\sisu-inject-plexus\1.4.2\sisu-inject-plexus-1.4.2.jar
  - C:\Users\Sean.Yu\.m2\repository\org\sonatype\sisu\sisu-inject-bean\1.4.2\sisu-inject-bean-1.4.2.jar
  - C:\Users\Sean.Yu\.m2\repository\org\sonatype\sisu\sisu-guice\2.1.7\sisu-guice-2.1.7-noaop.jar
  - C:\Users\Sean.Yu\.m2\repository\org\apache\maven\maven-core\3.0\maven-core-3.0.jar
  - C:\Users\Sean.Yu\.m2\repository\org\apache\maven\maven-settings\3.0\maven-settings-3.0.jar
  - C:\Users\Sean.Yu\.m2\repository\org\apache\maven\maven-settings-builder\3.0\maven-settings-builder-3.0.jar
  - C:\Users\Sean.Yu\.m2\repository\org\apache\maven\maven-repository-metadata\3.0\maven-repository-metadata-3.0.jar
  - C:\Users\Sean.Yu\.m2\repository\org\apache\maven\maven-model-builder\3.0\maven-model-builder-3.0.jar
  - C:\Users\Sean.Yu\.m2\repository\org\apache\maven\maven-aether-provider\3.0\maven-aether-provider-3.0.jar
  - C:\Users\Sean.Yu\.m2\repository\org\sonatype\aether\aether-impl\1.7\aether-impl-1.7.jar
  - C:\Users\Sean.Yu\.m2\repository\org\sonatype\aether\aether-spi\1.7\aether-spi-1.7.jar
  - C:\Users\Sean.Yu\.m2\repository\org\sonatype\aether\aether-api\1.7\aether-api-1.7.jar
  - C:\Users\Sean.Yu\.m2\repository\org\sonatype\aether\aether-util\1.7\aether-util-1.7.jar
  - C:\Users\Sean.Yu\.m2\repository\org\codehaus\plexus\plexus-interpolation\1.14\plexus-interpolation-1.14.jar
  - C:\Users\Sean.Yu\.m2\repository\org\codehaus\plexus\plexus-classworlds\2.2.3\plexus-classworlds-2.2.3.jar
  - C:\Users\Sean.Yu\.m2\repository\org\codehaus\plexus\plexus-component-annotations\1.5.5\plexus-component-annotations-1.5.5.jar
  - C:\Users\Sean.Yu\.m2\repository\org\sonatype\plexus\plexus-sec-dispatcher\1.3\plexus-sec-dispatcher-1.3.jar
  - C:\Users\Sean.Yu\.m2\repository\org\sonatype\plexus\plexus-cipher\1.4\plexus-cipher-1.4.jar
  - C:\Users\Sean.Yu\.m2\repository\org\codehaus\plexus\plexus-utils\3.0.22\plexus-utils-3.0.22.jar
  - C:\Users\Sean.Yu\.m2\repository\org\apache\maven\shared\file-management\1.2.1\file-management-1.2.1.jar
  - C:\Users\Sean.Yu\.m2\repository\org\apache\maven\shared\maven-shared-io\1.1\maven-shared-io-1.1.jar
  - C:\Users\Sean.Yu\.m2\repository\org\apache\maven\maven-artifact-manager\2.0.2\maven-artifact-manager-2.0.2.jar
  - C:\Users\Sean.Yu\.m2\repository\org\apache\maven\wagon\wagon-provider-api\1.0-alpha-6\wagon-provider-api-1.0-alpha-6.jar
  - C:\Users\Sean.Yu\.m2\repository\org\codehaus\plexus\plexus-container-default\1.0-alpha-9\plexus-container-default-1.0-alpha-9.jar
  - C:\Users\Sean.Yu\.m2\repository\classworlds\classworlds\1.1-alpha-2\classworlds-1.1-alpha-2.jar
  - C:\Users\Sean.Yu\.m2\repository\org\apache\maven\reporting\maven-reporting-api\3.0\maven-reporting-api-3.0.jar
  - C:\Users\Sean.Yu\.m2\repository\org\apache\maven\doxia\doxia-sink-api\1.0\doxia-sink-api-1.0.jar
  - C:\Users\Sean.Yu\.m2\repository\org\apache\maven\reporting\maven-reporting-impl\2.1\maven-reporting-impl-2.1.jar
  - C:\Users\Sean.Yu\.m2\repository\org\apache\maven\maven-project\2.0.10\maven-project-2.0.10.jar
  - C:\Users\Sean.Yu\.m2\repository\org\apache\maven\maven-profile\2.0.10\maven-profile-2.0.10.jar
  - C:\Users\Sean.Yu\.m2\repository\org\apache\maven\maven-plugin-registry\2.0.10\maven-plugin-registry-2.0.10.jar
  - C:\Users\Sean.Yu\.m2\repository\org\apache\maven\doxia\doxia-core\1.1.2\doxia-core-1.1.2.jar
  - C:\Users\Sean.Yu\.m2\repository\org\apache\maven\doxia\doxia-logging-api\1.1.2\doxia-logging-api-1.1.2.jar
  - C:\Users\Sean.Yu\.m2\repository\xerces\xercesImpl\2.8.1\xercesImpl-2.8.1.jar
  - C:\Users\Sean.Yu\.m2\repository\commons-lang\commons-lang\2.4\commons-lang-2.4.jar
  - C:\Users\Sean.Yu\.m2\repository\commons-httpclient\commons-httpclient\3.1\commons-httpclient-3.1.jar
  - C:\Users\Sean.Yu\.m2\repository\commons-codec\commons-codec\1.2\commons-codec-1.2.jar
  - C:\Users\Sean.Yu\.m2\repository\org\apache\maven\doxia\doxia-site-renderer\1.1.2\doxia-site-renderer-1.1.2.jar
  - C:\Users\Sean.Yu\.m2\repository\org\apache\maven\doxia\doxia-decoration-model\1.1.2\doxia-decoration-model-1.1.2.jar
  - C:\Users\Sean.Yu\.m2\repository\org\apache\maven\doxia\doxia-module-xhtml\1.1.2\doxia-module-xhtml-1.1.2.jar
  - C:\Users\Sean.Yu\.m2\repository\org\apache\maven\doxia\doxia-module-fml\1.1.2\doxia-module-fml-1.1.2.jar
  - C:\Users\Sean.Yu\.m2\repository\org\codehaus\plexus\plexus-i18n\1.0-beta-7\plexus-i18n-1.0-beta-7.jar
  - C:\Users\Sean.Yu\.m2\repository\org\codehaus\plexus\plexus-velocity\1.1.7\plexus-velocity-1.1.7.jar
  - C:\Users\Sean.Yu\.m2\repository\org\apache\velocity\velocity\1.5\velocity-1.5.jar
  - C:\Users\Sean.Yu\.m2\repository\commons-collections\commons-collections\3.2\commons-collections-3.2.jar
  - C:\Users\Sean.Yu\.m2\repository\commons-validator\commons-validator\1.2.0\commons-validator-1.2.0.jar
  - C:\Users\Sean.Yu\.m2\repository\commons-beanutils\commons-beanutils\1.7.0\commons-beanutils-1.7.0.jar
  - C:\Users\Sean.Yu\.m2\repository\commons-digester\commons-digester\1.6\commons-digester-1.6.jar
  - C:\Users\Sean.Yu\.m2\repository\commons-logging\commons-logging\1.0.4\commons-logging-1.0.4.jar
  - C:\Users\Sean.Yu\.m2\repository\oro\oro\2.0.8\oro-2.0.8.jar
  - C:\Users\Sean.Yu\.m2\repository\xml-apis\xml-apis\1.0.b2\xml-apis-1.0.b2.jar
  - C:\Users\Sean.Yu\.m2\repository\org\jacoco\org.jacoco.agent\0.8.5\org.jacoco.agent-0.8.5-runtime.jar
  - C:\Users\Sean.Yu\.m2\repository\org\jacoco\org.jacoco.core\0.8.5\org.jacoco.core-0.8.5.jar
  - C:\Users\Sean.Yu\.m2\repository\org\ow2\asm\asm\7.2\asm-7.2.jar
  - C:\Users\Sean.Yu\.m2\repository\org\ow2\asm\asm-commons\7.2\asm-commons-7.2.jar
  - C:\Users\Sean.Yu\.m2\repository\org\ow2\asm\asm-analysis\7.2\asm-analysis-7.2.jar
  - C:\Users\Sean.Yu\.m2\repository\org\ow2\asm\asm-tree\7.2\asm-tree-7.2.jar
  - C:\Users\Sean.Yu\.m2\repository\org\jacoco\org.jacoco.report\0.8.5\org.jacoco.report-0.8.5.jar
  - C:\Users\Sean.Yu\.m2\repository\junit\junit\4.12\junit-4.12.jar
  - C:\Users\Sean.Yu\.m2\repository\org\hamcrest\hamcrest-core\1.3\hamcrest-core-1.3.jar
* Finished analyzing classpath
* Generating tests for class Mutation
* Test criteria:
  - Line Coverage
  - Branch Coverage
  - Exception
  - Mutation testing (weak)
  - Method-Output Coverage
  - Top-Level Method Coverage
  - No-Exception Top-Level Method Coverage
  - Context Branch Coverage
* Setting up search algorithm for whole suite generation
* Loaded 2 tests from D:\MutationTest_Java-master\.evosuite\evosuite-seeds\Mutation.seed
* Total number of test goals: 
  - Line 4
  - Branch 5
  - Exception 0
  - MutationFactory 19
  - Output 2
  - Method 2
  - MethodNoException 2
  - CBranchFitnessFactory 5
* Using seed 1580134046428
* Starting evolution
* Search finished after 2s and 0 generations, 4968 statements, best individual has fitness: 1.0
* Writing sequences to pool
* Minimizing test suite
* Going to analyze the coverage criteria
* Coverage analysis for criterion LINE
* Coverage of criterion LINE: 100%
* Total number of goals: 4
* Number of covered goals: 4
* Coverage analysis for criterion BRANCH
* Coverage of criterion BRANCH: 100%
* Total number of goals: 5
* Number of covered goals: 5
* Coverage analysis for criterion EXCEPTION
* Coverage of criterion EXCEPTION: 100% (no goals)
* Coverage analysis for criterion WEAKMUTATION
* Coverage of criterion WEAKMUTATION: 100%
* Total number of goals: 19
* Number of covered goals: 19
* Coverage analysis for criterion OUTPUT
* Coverage of criterion OUTPUT: 100%
* Total number of goals: 2
* Number of covered goals: 2
* Coverage analysis for criterion METHOD
* Coverage of criterion METHOD: 100%
* Total number of goals: 2
* Number of covered goals: 2
* Coverage analysis for criterion METHODNOEXCEPTION
* Coverage of criterion METHODNOEXCEPTION: 100%
* Total number of goals: 2
* Number of covered goals: 2
* Coverage analysis for criterion CBRANCH
* Coverage of criterion CBRANCH: 100%
* Total number of goals: 5
* Number of covered goals: 5
* Generated 4 tests with total length 8
* Resulting test suite's coverage: 100% (average coverage for all fitness functions)
* Generating assertions
* Resulting test suite's mutation score: 74%
* Compiling and checking tests
* Writing JUnit test case 'Mutation_ESTest' to D:\MutationTest_Java-master\.evosuite\tmp_2020_01_27_22_07_21\tests
* Done!

